2024-01-10 17:50:43,570 INFO Bot: tradehelper [@tradinghel_bot]
2024-01-10 17:50:43,774 WARNING Updates were skipped successfully.
2024-01-10 17:50:43,774 INFO Start polling.
2024-01-10 17:51:31,919 INFO A session
2024-01-10 18:51:31,993 INFO F session
2024-01-10 19:51:32,429 INFO HL1 session
2024-01-10 21:51:32,194 INFO HL2 session
2024-01-10 23:51:32,263 INFO L session
2024-01-11 12:29:23,659 INFO Bot: tradehelper [@tradinghel_bot]
2024-01-11 12:29:23,848 WARNING Updates were skipped successfully.
2024-01-11 12:29:23,848 INFO Start polling.
2024-01-11 12:30:32,337 INFO A session
2024-01-11 12:35:51,293 INFO Bot: tradehelper [@tradinghel_bot]
2024-01-11 12:35:51,486 WARNING Updates were skipped successfully.
2024-01-11 12:35:51,486 INFO Start polling.
2024-01-11 12:36:32,107 INFO A session
2024-01-11 13:01:01,816 INFO swip
2024-01-11 13:02:02,472 INFO swip
2024-01-11 13:03:02,278 INFO swip
2024-01-11 13:06:58,363 INFO Bot: tradehelper [@tradinghel_bot]
2024-01-11 13:06:58,553 WARNING Updates were skipped successfully.
2024-01-11 13:06:58,553 INFO Start polling.
2024-01-11 13:07:32,610 INFO A session
2024-01-11 13:32:01,593 INFO swip
2024-01-11 13:52:07,828 INFO Bot: tradehelper [@tradinghel_bot]
2024-01-11 13:52:08,121 WARNING Updates were skipped successfully.
2024-01-11 13:52:08,122 INFO Start polling.
2024-01-11 13:52:31,879 INFO A session
2024-01-11 14:07:51,124 INFO Bot: tradehelper [@tradinghel_bot]
2024-01-11 14:07:51,494 WARNING Updates were skipped successfully.
2024-01-11 14:07:51,494 INFO Start polling.
2024-01-11 14:08:32,503 INFO A session
2024-01-11 14:33:02,549 INFO swip
2024-01-11 14:34:03,374 INFO swip
2024-01-11 14:35:02,968 INFO swip
2024-01-11 14:37:17,936 INFO Bot: tradehelper [@tradinghel_bot]
2024-01-11 14:37:18,627 WARNING Updates were skipped successfully.
2024-01-11 14:37:18,627 INFO Start polling.
2024-01-11 14:38:32,603 INFO A session
2024-01-11 15:03:02,856 INFO swip
2024-01-11 15:04:02,544 INFO swip
2024-01-11 15:05:01,742 INFO swip
2024-01-11 15:06:02,313 INFO boss
2024-01-11 15:06:05,315 INFO swip
2024-01-11 15:07:01,945 INFO swip
2024-01-11 15:08:02,367 INFO swip
2024-01-11 15:09:02,580 INFO swip
2024-01-11 15:10:02,893 INFO swip
2024-01-11 15:11:02,377 INFO swip
2024-01-11 15:12:02,714 INFO swip
2024-01-11 15:13:02,181 INFO swip
2024-01-11 15:14:02,003 INFO swip
2024-01-11 15:15:02,415 INFO swip
2024-01-11 15:16:01,885 INFO boss
2024-01-11 15:16:04,465 INFO swip
2024-01-11 15:17:03,459 INFO swip
2024-01-11 15:18:01,605 INFO swip
2024-01-11 15:19:01,840 INFO swip
2024-01-11 15:20:03,070 INFO swip
2024-01-11 15:21:03,481 INFO swip
2024-01-11 15:22:01,854 INFO swip
2024-01-11 15:23:03,089 INFO swip
2024-01-11 15:24:03,398 INFO swip
2024-01-11 15:25:02,158 INFO swip
2024-01-11 15:26:02,600 INFO swip
2024-01-11 15:27:01,932 INFO swip
2024-01-11 15:28:02,494 INFO boss
2024-01-11 15:28:05,016 INFO swip
2024-01-11 15:29:02,102 INFO swip
2024-01-11 15:30:02,849 INFO swip
2024-01-11 15:31:01,909 INFO swip
2024-01-11 15:32:03,037 INFO swip
2024-01-11 15:33:03,354 INFO swip
2024-01-11 15:34:01,570 INFO swip
2024-01-11 15:35:03,158 INFO swip
2024-01-11 15:36:02,544 INFO swip
2024-01-11 15:37:02,140 INFO swip
2024-01-11 15:38:32,671 INFO F session
2024-01-11 16:17:16,440 INFO Bot: tradehelper [@tradinghel_bot]
2024-01-11 16:17:16,839 WARNING Updates were skipped successfully.
2024-01-11 16:17:16,839 INFO Start polling.
2024-01-11 16:18:32,314 INFO A session
2024-01-11 16:48:02,728 INFO swip
2024-01-11 16:58:02,998 INFO swip
2024-01-11 17:08:01,930 INFO swip
